<?xml version="1.0" encoding="UTF-8"?>
<!-- Generated by org.testng.reporters.JUnitReportReporter -->
<testsuite skipped="0" hostname="DESKTOP-CQ6UCGH" name="Common.AddArticle" tests="1" failures="0" timestamp="04 Oct 2018 10:39:34 GMT" time="37.858" errors="0">
  <testcase name="createArticle" time="37.858" classname="Common.AddArticle"/>
</testsuite> <!-- Common.AddArticle -->
